# JRE version: Java(TM) SE Runtime Environment (8.0_221-b11) (build 1.8.0_221-b11)
# Java VM: Java HotSpot(TM) 64-Bit Server VM (25.221-b11 mixed mode bsd-amd64 compressed oops)
Heap:
 PSYoungGen      total 37888K, used 2208K [0x0000000795580000, 0x0000000798a80000, 0x00000007c0000000)
  eden space 23552K, 9% used [0x0000000795580000,0x00000007957a81d0,0x0000000796c80000)
  from space 14336K, 0% used [0x0000000796c80000,0x0000000796c80000,0x0000000797a80000)
  to   space 15360K, 0% used [0x0000000797b80000,0x0000000797b80000,0x0000000798a80000)
 ParOldGen       total 63488K, used 11982K [0x0000000740000000, 0x0000000743e00000, 0x0000000795580000)
  object space 63488K, 18% used [0x0000000740000000,0x0000000740bb3a20,0x0000000743e00000)
 Metaspace       used 22507K, capacity 23054K, committed 23424K, reserved 1069056K
  class space    used 3213K, capacity 3344K, committed 3456K, reserved 1048576K
GC Heap History (10 events):
Event: 39269.221 GC heap before
{Heap before GC invocations=85 (full 7):
 PSYoungGen      total 33280K, used 32981K [0x0000000795580000, 0x0000000798980000, 0x00000007c0000000)
  eden space 23552K, 100% used [0x0000000795580000,0x0000000796c80000,0x0000000796c80000)
  from space 9728K, 96% used [0x0000000796c80000,0x00000007975b55e8,0x0000000797600000)
  to   space 14848K, 0% used [0x0000000797b00000,0x0000000797b00000,0x0000000798980000)
 ParOldGen       total 63488K, used 49514K [0x0000000740000000, 0x0000000743e00000, 0x0000000795580000)
  object space 63488K, 77% used [0x0000000740000000,0x000000074305a8b8,0x0000000743e00000)
 Metaspace       used 22355K, capacity 22910K, committed 23168K, reserved 1069056K
  class space    used 3203K, capacity 3340K, committed 3456K, reserved 1048576K
Event: 39269.223 GC heap after
Heap after GC invocations=85 (full 7):
 PSYoungGen      total 38400K, used 11361K [0x0000000795580000, 0x0000000798980000, 0x00000007c0000000)
  eden space 23552K, 0% used [0x0000000795580000,0x0000000795580000,0x0000000796c80000)
  from space 14848K, 76% used [0x0000000797b00000,0x00000007986184b8,0x0000000798980000)
  to   space 14848K, 0% used [0x0000000796c80000,0x0000000796c80000,0x0000000797b00000)
 ParOldGen       total 63488K, used 49618K [0x0000000740000000, 0x0000000743e00000, 0x0000000795580000)
  object space 63488K, 78% used [0x0000000740000000,0x00000007430748d8,0x0000000743e00000)
 Metaspace       used 22355K, capacity 22910K, committed 23168K, reserved 1069056K
  class space    used 3203K, capacity 3340K, committed 3456K, reserved 1048576K
}
Event: 39295.235 GC heap before
{Heap before GC invocations=86 (full 7):
 PSYoungGen      total 38400K, used 34402K [0x0000000795580000, 0x0000000798980000, 0x00000007c0000000)
  eden space 23552K, 97% used [0x0000000795580000,0x0000000796c00618,0x0000000796c80000)
  from space 14848K, 76% used [0x0000000797b00000,0x00000007986184b8,0x0000000798980000)
  to   space 14848K, 0% used [0x0000000796c80000,0x0000000796c80000,0x0000000797b00000)
 ParOldGen       total 63488K, used 49618K [0x0000000740000000, 0x0000000743e00000, 0x0000000795580000)
  object space 63488K, 78% used [0x0000000740000000,0x00000007430748d8,0x0000000743e00000)
 Metaspace       used 22378K, capacity 22910K, committed 23168K, reserved 1069056K
  class space    used 3203K, capacity 3340K, committed 3456K, reserved 1048576K
Event: 39295.237 GC heap after
Heap after GC invocations=86 (full 7):
 PSYoungGen      total 38400K, used 10404K [0x0000000795580000, 0x0000000798980000, 0x00000007c0000000)
  eden space 23552K, 0% used [0x0000000795580000,0x0000000795580000,0x0000000796c80000)
  from space 14848K, 70% used [0x0000000796c80000,0x00000007976a9090,0x0000000797b00000)
  to   space 14848K, 0% used [0x0000000797b00000,0x0000000797b00000,0x0000000798980000)
 ParOldGen       total 63488K, used 49666K [0x0000000740000000, 0x0000000743e00000, 0x0000000795580000)
  object space 63488K, 78% used [0x0000000740000000,0x00000007430808d8,0x0000000743e00000)
 Metaspace       used 22378K, capacity 22910K, committed 23168K, reserved 1069056K
  class space    used 3203K, capacity 3340K, committed 3456K, reserved 1048576K
}
Event: 39492.317 GC heap before
{Heap before GC invocations=87 (full 7):
 PSYoungGen      total 38400K, used 33590K [0x0000000795580000, 0x0000000798980000, 0x00000007c0000000)
  eden space 23552K, 98% used [0x0000000795580000,0x0000000796c24ae8,0x0000000796c80000)
  from space 14848K, 70% used [0x0000000796c80000,0x00000007976a9090,0x0000000797b00000)
  to   space 14848K, 0% used [0x0000000797b00000,0x0000000797b00000,0x0000000798980000)
 ParOldGen       total 63488K, used 49666K [0x0000000740000000, 0x0000000743e00000, 0x0000000795580000)
  object space 63488K, 78% used [0x0000000740000000,0x00000007430808d8,0x0000000743e00000)
 Metaspace       used 22456K, capacity 22984K, committed 23168K, reserved 1069056K
  class space    used 3205K, capacity 3343K, committed 3456K, reserved 1048576K
Event: 39492.336 GC heap after
Heap after GC invocations=87 (full 7):
 PSYoungGen      total 37376K, used 8439K [0x0000000795580000, 0x0000000798880000, 0x00000007c0000000)
  eden space 23552K, 0% used [0x0000000795580000,0x0000000795580000,0x0000000796c80000)
  from space 13824K, 61% used [0x0000000797b00000,0x000000079833df80,0x0000000798880000)
  to   space 14336K, 0% used [0x0000000796c80000,0x0000000796c80000,0x0000000797a80000)
 ParOldGen       total 63488K, used 49754K [0x0000000740000000, 0x0000000743e00000, 0x0000000795580000)
  object space 63488K, 78% used [0x0000000740000000,0x00000007430968d8,0x0000000743e00000)
 Metaspace       used 22456K, capacity 22984K, committed 23168K, reserved 1069056K
  class space    used 3205K, capacity 3343K, committed 3456K, reserved 1048576K
}
Event: 39494.512 GC heap before
{Heap before GC invocations=88 (full 7):
 PSYoungGen      total 37376K, used 15307K [0x0000000795580000, 0x0000000798880000, 0x00000007c0000000)
  eden space 23552K, 29% used [0x0000000795580000,0x0000000795c34f00,0x0000000796c80000)
  from space 13824K, 61% used [0x0000000797b00000,0x000000079833df80,0x0000000798880000)
  to   space 14336K, 0% used [0x0000000796c80000,0x0000000796c80000,0x0000000797a80000)
 ParOldGen       total 63488K, used 49754K [0x0000000740000000, 0x0000000743e00000, 0x0000000795580000)
  object space 63488K, 78% used [0x0000000740000000,0x00000007430968d8,0x0000000743e00000)
 Metaspace       used 22472K, capacity 22984K, committed 23168K, reserved 1069056K
  class space    used 3205K, capacity 3343K, committed 3456K, reserved 1048576K
Event: 39494.527 GC heap after
Heap after GC invocations=88 (full 7):
 PSYoungGen      total 37888K, used 12928K [0x0000000795580000, 0x0000000798a80000, 0x00000007c0000000)
  eden space 23552K, 0% used [0x0000000795580000,0x0000000795580000,0x0000000796c80000)
  from space 14336K, 90% used [0x0000000796c80000,0x00000007979201b8,0x0000000797a80000)
  to   space 15360K, 0% used [0x0000000797b80000,0x0000000797b80000,0x0000000798a80000)
 ParOldGen       total 63488K, used 49866K [0x0000000740000000, 0x0000000743e00000, 0x0000000795580000)
  object space 63488K, 78% used [0x0000000740000000,0x00000007430b28d8,0x0000000743e00000)
 Metaspace       used 22472K, capacity 22984K, committed 23168K, reserved 1069056K
  class space    used 3205K, capacity 3343K, committed 3456K, reserved 1048576K
}
Event: 39494.527 GC heap before
{Heap before GC invocations=89 (full 8):
 PSYoungGen      total 37888K, used 12928K [0x0000000795580000, 0x0000000798a80000, 0x00000007c0000000)
  eden space 23552K, 0% used [0x0000000795580000,0x0000000795580000,0x0000000796c80000)
  from space 14336K, 90% used [0x0000000796c80000,0x00000007979201b8,0x0000000797a80000)
  to   space 15360K, 0% used [0x0000000797b80000,0x0000000797b80000,0x0000000798a80000)
 ParOldGen       total 63488K, used 49866K [0x0000000740000000, 0x0000000743e00000, 0x0000000795580000)
  object space 63488K, 78% used [0x0000000740000000,0x00000007430b28d8,0x0000000743e00000)
 Metaspace       used 22472K, capacity 22984K, committed 23168K, reserved 1069056K
  class space    used 3205K, capacity 3343K, committed 3456K, reserved 1048576K
Event: 39494.705 GC heap after
Heap after GC invocations=89 (full 8):
 PSYoungGen      total 37888K, used 0K [0x0000000795580000, 0x0000000798a80000, 0x00000007c0000000)
  eden space 23552K, 0% used [0x0000000795580000,0x0000000795580000,0x0000000796c80000)
  from space 14336K, 0% used [0x0000000796c80000,0x0000000796c80000,0x0000000797a80000)
  to   space 15360K, 0% used [0x0000000797b80000,0x0000000797b80000,0x0000000798a80000)
 ParOldGen       total 63488K, used 11982K [0x0000000740000000, 0x0000000743e00000, 0x0000000795580000)
  object space 63488K, 18% used [0x0000000740000000,0x0000000740bb3a20,0x0000000743e00000)
 Metaspace       used 22468K, capacity 22978K, committed 23168K, reserved 1069056K
  class space    used 3204K, capacity 3342K, committed 3456K, reserved 1048576K
}

